[2025-05-07 05:10:38] Raw input: {"code":"00","desc":"success","success":true,"data":{"accountNumber":"0974167648","amount":2000,"description":"Thanh toan don hang demo","reference":"FT25118290692388","transactionDateTime":"2025-04-28 09:32:28","virtualAccountNumber":"","counterAccountBankId":"970422","counterAccountBankName":"","counterAccountName":"DO NHAT GIANG","counterAccountNumber":"0974167648","virtualAccountName":"","currency":"VND","orderCode":246,"paymentLinkId":"aebea85066c549dea62b510e4afe9bfe","code":"00","desc":"success"},"signature":"8d7c6c71a9322b259b73efa9ed26a30b2f972b59b6db4e3262bdd762b56311d9"}
[2025-05-07 05:10:43] 📧 Email sent to giang8b07@gmail.com
[2025-05-07 05:10:43] ❌ Error: SQLSTATE[HY093]: Invalid parameter number: number of bound variables does not match number of tokens
[2025-05-07 05:13:00] Raw input: {"code":"00","desc":"success","success":true,"data":{"accountNumber":"0974167648","amount":2000,"description":"Thanh toan don hang demo","reference":"FT25118290692388","transactionDateTime":"2025-04-28 09:32:28","virtualAccountNumber":"","counterAccountBankId":"970422","counterAccountBankName":"","counterAccountName":"DO NHAT GIANG","counterAccountNumber":"0974167648","virtualAccountName":"","currency":"VND","orderCode":246,"paymentLinkId":"aebea85066c549dea62b510e4afe9bfe","code":"00","desc":"success"},"signature":"8d7c6c71a9322b259b73efa9ed26a30b2f972b59b6db4e3262bdd762b56311d9"}
[2025-05-07 05:13:00] ❌ Error: Order not found for order_code: 246
[2025-05-07 05:17:27] Raw input: {"code":"00","desc":"success","success":true,"data":{"accountNumber":"0974167648","amount":2000,"description":"Thanh toan don hang demo","reference":"FT25118290692388","transactionDateTime":"2025-04-28 09:32:28","virtualAccountNumber":"","counterAccountBankId":"970422","counterAccountBankName":"","counterAccountName":"DO NHAT GIANG","counterAccountNumber":"0974167648","virtualAccountName":"","currency":"VND","orderCode":248,"paymentLinkId":"aebea85066c549dea62b510e4afe9bfe","code":"00","desc":"success"},"signature":"8d7c6c71a9322b259b73efa9ed26a30b2f972b59b6db4e3262bdd762b56311d9"}
[2025-05-07 05:17:32] 📧 Email sent to giang8b07@gmail.com
[2025-05-07 05:17:32] ✅ Webhook processed for order_code: 248
[2025-05-07 05:20:59] Raw input: {"code":"00","desc":"success","success":true,"data":{"accountNumber":"0974167648","amount":2000,"description":"Thanh toan don hang demo","reference":"FT25118290692388","transactionDateTime":"2025-04-28 09:32:28","virtualAccountNumber":"","counterAccountBankId":"970422","counterAccountBankName":"","counterAccountName":"DO NHAT GIANG","counterAccountNumber":"0974167648","virtualAccountName":"","currency":"VND","orderCode":248,"paymentLinkId":"aebea85066c549dea62b510e4afe9bfe","code":"00","desc":"success"},"signature":"8d7c6c71a9322b259b73efa9ed26a30b2f972b59b6db4e3262bdd762b56311d9"}
[2025-05-07 05:20:59] ❌ Customer or order details not found for order_id 248
[2025-05-07 05:20:59] ✅ Webhook processed for order_code: 248
[2025-05-07 05:21:30] Raw input: {"code":"00","desc":"success","success":true,"data":{"accountNumber":"0974167648","amount":2000,"description":"Thanh toan don hang demo","reference":"FT25118290692388","transactionDateTime":"2025-04-28 09:32:28","virtualAccountNumber":"","counterAccountBankId":"970422","counterAccountBankName":"","counterAccountName":"DO NHAT GIANG","counterAccountNumber":"0974167648","virtualAccountName":"","currency":"VND","orderCode":248,"paymentLinkId":"aebea85066c549dea62b510e4afe9bfe","code":"00","desc":"success"},"signature":"8d7c6c71a9322b259b73efa9ed26a30b2f972b59b6db4e3262bdd762b56311d9"}
[2025-05-07 05:21:30] ❌ Customer or order details not found for order_id 248
[2025-05-07 05:21:30] ✅ Webhook processed for order_code: 248
[2025-05-07 05:22:39] Raw input: {"code":"00","desc":"success","success":true,"data":{"accountNumber":"0974167648","amount":2000,"description":"Thanh toan don hang demo","reference":"FT25118290692388","transactionDateTime":"2025-04-28 09:32:28","virtualAccountNumber":"","counterAccountBankId":"970422","counterAccountBankName":"","counterAccountName":"DO NHAT GIANG","counterAccountNumber":"0974167648","virtualAccountName":"","currency":"VND","orderCode":248,"paymentLinkId":"aebea85066c549dea62b510e4afe9bfe","code":"00","desc":"success"},"signature":"8d7c6c71a9322b259b73efa9ed26a30b2f972b59b6db4e3262bdd762b56311d9"}
[2025-05-07 05:22:44] 📧 Email sent to giang8b07@gmail.com
[2025-05-07 05:22:44] ✅ Webhook processed for order_code: 248
[2025-05-07 05:24:02] Raw input: {"code":"00","desc":"success","success":true,"data":{"accountNumber":"0974167648","amount":2000,"description":"Thanh toan don hang demo","reference":"FT25118290692388","transactionDateTime":"2025-04-28 09:32:28","virtualAccountNumber":"","counterAccountBankId":"970422","counterAccountBankName":"","counterAccountName":"DO NHAT GIANG","counterAccountNumber":"0974167648","virtualAccountName":"","currency":"VND","orderCode":248,"paymentLinkId":"aebea85066c549dea62b510e4afe9bfe","code":"00","desc":"success"},"signature":"8d7c6c71a9322b259b73efa9ed26a30b2f972b59b6db4e3262bdd762b56311d9"}
[2025-05-07 05:24:08] 📧 Email sent to giang8b07@gmail.com
[2025-05-07 05:24:08] ✅ Webhook processed for order_code: 248
[2025-05-07 05:24:31] Raw input: {"code":"00","desc":"success","success":true,"data":{"accountNumber":"0974167648","amount":2000,"description":"Thanh toan don hang demo","reference":"FT25118290692388","transactionDateTime":"2025-04-28 09:32:28","virtualAccountNumber":"","counterAccountBankId":"970422","counterAccountBankName":"","counterAccountName":"DO NHAT GIANG","counterAccountNumber":"0974167648","virtualAccountName":"","currency":"VND","orderCode":248,"paymentLinkId":"aebea85066c549dea62b510e4afe9bfe","code":"00","desc":"success"},"signature":"8d7c6c71a9322b259b73efa9ed26a30b2f972b59b6db4e3262bdd762b56311d9"}
[2025-05-07 05:24:36] 📧 Email sent to giang8b07@gmail.com
[2025-05-07 05:24:36] ✅ Webhook processed for order_code: 248
[2025-05-07 05:26:13] Raw input: {"code":"00","desc":"success","success":true,"data":{"accountNumber":"0974167648","amount":2000,"description":"Thanh toan don hang demo","reference":"FT25118290692388","transactionDateTime":"2025-04-28 09:32:28","virtualAccountNumber":"","counterAccountBankId":"970422","counterAccountBankName":"","counterAccountName":"DO NHAT GIANG","counterAccountNumber":"0974167648","virtualAccountName":"","currency":"VND","orderCode":248,"paymentLinkId":"aebea85066c549dea62b510e4afe9bfe","code":"00","desc":"success"},"signature":"8d7c6c71a9322b259b73efa9ed26a30b2f972b59b6db4e3262bdd762b56311d9"}
[2025-05-07 05:26:17] 📧 Email sent to giang8b07@gmail.com
[2025-05-07 05:26:17] ✅ Webhook processed for order_code: 248
[2025-05-07 05:28:06] Raw input: {"code":"00","desc":"success","success":true,"data":{"accountNumber":"0974167648","amount":2000,"description":"Thanh toan don hang demo","reference":"FT25118290692388","transactionDateTime":"2025-04-28 09:32:28","virtualAccountNumber":"","counterAccountBankId":"970422","counterAccountBankName":"","counterAccountName":"DO NHAT GIANG","counterAccountNumber":"0974167648","virtualAccountName":"","currency":"VND","orderCode":248,"paymentLinkId":"aebea85066c549dea62b510e4afe9bfe","code":"00","desc":"success"},"signature":"8d7c6c71a9322b259b73efa9ed26a30b2f972b59b6db4e3262bdd762b56311d9"}
[2025-05-07 05:28:11] 📧 Email sent to giang8b07@gmail.com
[2025-05-07 05:28:11] ✅ Webhook processed for order_code: 248
[2025-05-07 10:42:57] Raw input: {"code":"00","desc":"success","success":true,"data":{"orderCode":123,"amount":3000,"description":"VQRIO123","accountNumber":"12345678","reference":"TF230204212323","transactionDateTime":"2023-02-04 18:25:00","paymentLinkId":"124c33293c43417ab7879e14c8d9eb18","code":"00","desc":"Thành công","counterAccountBankId":"","counterAccountBankName":"","counterAccountName":"","counterAccountNumber":"","virtualAccountName":"","virtualAccountNumber":"","currency":"VND"},"signature":"0abb3ada28a39a92583588e888195836396d32895602c3dbc2050f62031aecd4"}
[2025-05-07 10:42:57] ❌ Error: Order not found for order_code: 123
[2025-05-07 10:44:00] Raw input: {"code":"00","desc":"success","success":true,"data":{"accountNumber":"0974167648","amount":2000,"description":"Thanh toan don hang demo","reference":"FT25118290692388","transactionDateTime":"2025-04-28 09:32:28","virtualAccountNumber":"","counterAccountBankId":"970422","counterAccountBankName":"","counterAccountName":"DO NHAT GIANG","counterAccountNumber":"0974167648","virtualAccountName":"","currency":"VND","orderCode":248,"paymentLinkId":"aebea85066c549dea62b510e4afe9bfe","code":"00","desc":"success"},"signature":"8d7c6c71a9322b259b73efa9ed26a30b2f972b59b6db4e3262bdd762b56311d9"}
[2025-05-07 10:44:05] 📧 Email sent to giang8b07@gmail.com
[2025-05-07 10:44:05] ✅ Webhook processed for order_code: 248
[2025-05-07 10:49:48] Raw input: {"code":"00","desc":"success","success":true,"data":{"accountNumber":"0974167648","amount":2000,"description":"Thanh toan don hang","reference":"FT25127863910758","transactionDateTime":"2025-05-07 15:49:36","virtualAccountNumber":"","counterAccountBankId":"970422","counterAccountBankName":"","counterAccountName":"DO NHAT GIANG","counterAccountNumber":"0974167648","virtualAccountName":"","currency":"VND","orderCode":252,"paymentLinkId":"a5662d227b1c4a90b6848333aee59564","code":"00","desc":"success"},"signature":"a31144dc54ba8c2f7a4c0e33a1358dfe3c058180092fab3efc53722a88431fa2"}
[2025-05-07 10:49:52] 📧 Email sent to giang8b07@gmail.com
[2025-05-07 10:49:52] ✅ Webhook processed for order_code: 252
